2025-10-19 17:47:54,286 - ERROR - Failed to process pair 14206-54365: Insufficient common columns: 0 (minimum: 3)
Traceback (most recent call last):
  File "/home/zhaomin/project/wikidbs/src/autorun/data_preprocessor.py", line 1099, in process_pair
    raise ValueError(f"Insufficient common columns: {len(common_columns)} (minimum: 3)")
ValueError: Insufficient common columns: 0 (minimum: 3)

2025-10-19 17:47:54,587 - ERROR - Failed to process pair 16745-62397: Insufficient common columns: 2 (minimum: 3)
Traceback (most recent call last):
  File "/home/zhaomin/project/wikidbs/src/autorun/data_preprocessor.py", line 1099, in process_pair
    raise ValueError(f"Insufficient common columns: {len(common_columns)} (minimum: 3)")
ValueError: Insufficient common columns: 2 (minimum: 3)

2025-10-19 17:47:57,800 - ERROR - Failed to process pair 29669-40560: Insufficient common columns: 2 (minimum: 3)
Traceback (most recent call last):
  File "/home/zhaomin/project/wikidbs/src/autorun/data_preprocessor.py", line 1099, in process_pair
    raise ValueError(f"Insufficient common columns: {len(common_columns)} (minimum: 3)")
ValueError: Insufficient common columns: 2 (minimum: 3)

2025-10-19 17:48:15,016 - ERROR - Failed to process pair 7358-22443: Insufficient common columns: 1 (minimum: 3)
Traceback (most recent call last):
  File "/home/zhaomin/project/wikidbs/src/autorun/data_preprocessor.py", line 1099, in process_pair
    raise ValueError(f"Insufficient common columns: {len(common_columns)} (minimum: 3)")
ValueError: Insufficient common columns: 1 (minimum: 3)

2025-10-19 17:48:19,138 - ERROR - Failed to process pair 33890-63270: Insufficient common columns: 1 (minimum: 3)
Traceback (most recent call last):
  File "/home/zhaomin/project/wikidbs/src/autorun/data_preprocessor.py", line 1099, in process_pair
    raise ValueError(f"Insufficient common columns: {len(common_columns)} (minimum: 3)")
ValueError: Insufficient common columns: 1 (minimum: 3)

2025-10-19 17:48:28,468 - ERROR - Failed to process pair 72055-95500: Insufficient common columns: 2 (minimum: 3)
Traceback (most recent call last):
  File "/home/zhaomin/project/wikidbs/src/autorun/data_preprocessor.py", line 1099, in process_pair
    raise ValueError(f"Insufficient common columns: {len(common_columns)} (minimum: 3)")
ValueError: Insufficient common columns: 2 (minimum: 3)

2025-10-19 17:48:31,441 - ERROR - Failed to process pair 16232-42721: Insufficient common columns: 1 (minimum: 3)
Traceback (most recent call last):
  File "/home/zhaomin/project/wikidbs/src/autorun/data_preprocessor.py", line 1099, in process_pair
    raise ValueError(f"Insufficient common columns: {len(common_columns)} (minimum: 3)")
ValueError: Insufficient common columns: 1 (minimum: 3)

2025-10-19 17:48:35,745 - ERROR - Failed to process pair 77452-87566: Insufficient common columns: 0 (minimum: 3)
Traceback (most recent call last):
  File "/home/zhaomin/project/wikidbs/src/autorun/data_preprocessor.py", line 1099, in process_pair
    raise ValueError(f"Insufficient common columns: {len(common_columns)} (minimum: 3)")
ValueError: Insufficient common columns: 0 (minimum: 3)

2025-10-19 17:48:39,007 - ERROR - Failed to process pair 900-13329: Insufficient common columns: 2 (minimum: 3)
Traceback (most recent call last):
  File "/home/zhaomin/project/wikidbs/src/autorun/data_preprocessor.py", line 1099, in process_pair
    raise ValueError(f"Insufficient common columns: {len(common_columns)} (minimum: 3)")
ValueError: Insufficient common columns: 2 (minimum: 3)

2025-10-19 17:48:42,863 - ERROR - Failed to process pair 33890-40016: Insufficient common columns: 2 (minimum: 3)
Traceback (most recent call last):
  File "/home/zhaomin/project/wikidbs/src/autorun/data_preprocessor.py", line 1099, in process_pair
    raise ValueError(f"Insufficient common columns: {len(common_columns)} (minimum: 3)")
ValueError: Insufficient common columns: 2 (minimum: 3)

2025-10-19 17:48:47,691 - ERROR - Failed to process pair 3565-41148: Insufficient common columns: 0 (minimum: 3)
Traceback (most recent call last):
  File "/home/zhaomin/project/wikidbs/src/autorun/data_preprocessor.py", line 1099, in process_pair
    raise ValueError(f"Insufficient common columns: {len(common_columns)} (minimum: 3)")
ValueError: Insufficient common columns: 0 (minimum: 3)

2025-10-19 17:48:55,625 - ERROR - Failed to process pair 37519-77452: Insufficient common columns: 0 (minimum: 3)
Traceback (most recent call last):
  File "/home/zhaomin/project/wikidbs/src/autorun/data_preprocessor.py", line 1099, in process_pair
    raise ValueError(f"Insufficient common columns: {len(common_columns)} (minimum: 3)")
ValueError: Insufficient common columns: 0 (minimum: 3)

2025-10-19 17:49:02,668 - ERROR - Failed to process pair 37549-49737: Insufficient common columns: 1 (minimum: 3)
Traceback (most recent call last):
  File "/home/zhaomin/project/wikidbs/src/autorun/data_preprocessor.py", line 1099, in process_pair
    raise ValueError(f"Insufficient common columns: {len(common_columns)} (minimum: 3)")
ValueError: Insufficient common columns: 1 (minimum: 3)

2025-10-19 17:49:13,571 - ERROR - Failed to process pair 84742-95500: Insufficient common columns: 1 (minimum: 3)
Traceback (most recent call last):
  File "/home/zhaomin/project/wikidbs/src/autorun/data_preprocessor.py", line 1099, in process_pair
    raise ValueError(f"Insufficient common columns: {len(common_columns)} (minimum: 3)")
ValueError: Insufficient common columns: 1 (minimum: 3)

2025-10-19 17:49:18,382 - ERROR - Failed to process pair 37815-77081: No suitable label column found for either classification or regression
Traceback (most recent call last):
  File "/home/zhaomin/project/wikidbs/src/autorun/data_preprocessor.py", line 1103, in process_pair
    label_col, label_metadata = self.select_label_column(combined_df, common_columns)
                                ^^^^^^^^^^^^^^^^^^^^^^^^^^^^^^^^^^^^^^^^^^^^^^^^^^^^^
  File "/home/zhaomin/project/wikidbs/src/autorun/data_preprocessor.py", line 756, in select_label_column
    raise ValueError("No suitable label column found for either classification or regression")
ValueError: No suitable label column found for either classification or regression

2025-10-19 17:49:27,112 - ERROR - Failed to process pair 57102-99501: Insufficient common columns: 1 (minimum: 3)
Traceback (most recent call last):
  File "/home/zhaomin/project/wikidbs/src/autorun/data_preprocessor.py", line 1099, in process_pair
    raise ValueError(f"Insufficient common columns: {len(common_columns)} (minimum: 3)")
ValueError: Insufficient common columns: 1 (minimum: 3)

2025-10-19 17:49:30,244 - ERROR - Failed to process pair 8740-84742: Insufficient common columns: 0 (minimum: 3)
Traceback (most recent call last):
  File "/home/zhaomin/project/wikidbs/src/autorun/data_preprocessor.py", line 1099, in process_pair
    raise ValueError(f"Insufficient common columns: {len(common_columns)} (minimum: 3)")
ValueError: Insufficient common columns: 0 (minimum: 3)

2025-10-19 17:49:36,694 - ERROR - Failed to process pair 900-18767: Insufficient common columns: 1 (minimum: 3)
Traceback (most recent call last):
  File "/home/zhaomin/project/wikidbs/src/autorun/data_preprocessor.py", line 1099, in process_pair
    raise ValueError(f"Insufficient common columns: {len(common_columns)} (minimum: 3)")
ValueError: Insufficient common columns: 1 (minimum: 3)

2025-10-19 17:49:52,641 - ERROR - Failed to process pair 71911-83906: Insufficient common columns: 2 (minimum: 3)
Traceback (most recent call last):
  File "/home/zhaomin/project/wikidbs/src/autorun/data_preprocessor.py", line 1099, in process_pair
    raise ValueError(f"Insufficient common columns: {len(common_columns)} (minimum: 3)")
ValueError: Insufficient common columns: 2 (minimum: 3)

2025-10-19 17:50:03,421 - ERROR - Failed to process pair 60806-78548: Insufficient common columns: 1 (minimum: 3)
Traceback (most recent call last):
  File "/home/zhaomin/project/wikidbs/src/autorun/data_preprocessor.py", line 1099, in process_pair
    raise ValueError(f"Insufficient common columns: {len(common_columns)} (minimum: 3)")
ValueError: Insufficient common columns: 1 (minimum: 3)

2025-10-19 17:50:06,815 - ERROR - Failed to process pair 5587-31768: No suitable label column found for either classification or regression
Traceback (most recent call last):
  File "/home/zhaomin/project/wikidbs/src/autorun/data_preprocessor.py", line 1103, in process_pair
    label_col, label_metadata = self.select_label_column(combined_df, common_columns)
                                ^^^^^^^^^^^^^^^^^^^^^^^^^^^^^^^^^^^^^^^^^^^^^^^^^^^^^
  File "/home/zhaomin/project/wikidbs/src/autorun/data_preprocessor.py", line 756, in select_label_column
    raise ValueError("No suitable label column found for either classification or regression")
ValueError: No suitable label column found for either classification or regression

2025-10-19 17:50:10,081 - ERROR - Failed to process pair 59462-84742: Insufficient common columns: 1 (minimum: 3)
Traceback (most recent call last):
  File "/home/zhaomin/project/wikidbs/src/autorun/data_preprocessor.py", line 1099, in process_pair
    raise ValueError(f"Insufficient common columns: {len(common_columns)} (minimum: 3)")
ValueError: Insufficient common columns: 1 (minimum: 3)

2025-10-19 17:50:16,699 - ERROR - Failed to process pair 27706-86946: Insufficient common columns: 0 (minimum: 3)
Traceback (most recent call last):
  File "/home/zhaomin/project/wikidbs/src/autorun/data_preprocessor.py", line 1099, in process_pair
    raise ValueError(f"Insufficient common columns: {len(common_columns)} (minimum: 3)")
ValueError: Insufficient common columns: 0 (minimum: 3)

2025-10-19 17:50:38,292 - ERROR - Failed to process pair 13329-16355: Insufficient common columns: 0 (minimum: 3)
Traceback (most recent call last):
  File "/home/zhaomin/project/wikidbs/src/autorun/data_preprocessor.py", line 1099, in process_pair
    raise ValueError(f"Insufficient common columns: {len(common_columns)} (minimum: 3)")
ValueError: Insufficient common columns: 0 (minimum: 3)

2025-10-19 17:50:49,242 - ERROR - Failed to process pair 17529-60806: Insufficient common columns: 1 (minimum: 3)
Traceback (most recent call last):
  File "/home/zhaomin/project/wikidbs/src/autorun/data_preprocessor.py", line 1099, in process_pair
    raise ValueError(f"Insufficient common columns: {len(common_columns)} (minimum: 3)")
ValueError: Insufficient common columns: 1 (minimum: 3)

